C51 COMPILER V9.57.0.0   CODE                                                              02/28/2018 15:06:44 PAGE 1   


C51 COMPILER V9.57.0.0, COMPILATION OF MODULE CODE
OBJECT MODULE PLACED IN code.OBJ
COMPILER INVOKED BY: C:\Keil_v5\C51\BIN\C51.EXE code.c OPTIMIZE(8,SPEED) BROWSE DEBUG OBJECTEXTEND TABS(2)

line level    source

   1          #include<reg51.h>
   2          
   3          sbit Out = P2^0;
   4          sbit Inc = P1^0;
   5          sbit Dec = P1^1;
   6          
   7          
   8          sbit Led1 = P2^1;
   9          sbit Led2 = P2^2;
  10          sbit Led3 = P2^3;
  11          sbit Led4 = P2^4;
  12          sbit Led5 = P2^5;
  13          
  14          void cct_init(void);
  15          void InitINT(void);
  16          
  17          int Step =3;
  18          
  19          // Main function
  20          int main(void)
  21          {
  22   1        int i;
  23   1        cct_init();
  24   1        InitINT();
  25   1        Step = 0;
  26   1        
  27   1        TMOD &= 0xF0;    // Clear 4bit field for timer0
  28   1        TMOD |= 0x01;    // Set timer0 in mode 1 = 16bit mode
  29   1        ET0 = 1;         // Enable Timer0 interrupts
  30   1        EA  = 1;         // Global interrupt enable
  31   1        
  32   1        while(1)                
  33   1         {         
  34   2             
  35   2           switch(Step)
  36   2           {
  37   3             case 0:
  38   3                Led1 = 0x00;
  39   3                Led2 = 0x00;
  40   3                Led3 = 0x00;
  41   3                Led4 = 0x00;
  42   3                Led5 = 0x00;
  43   3             break;
  44   3             
  45   3             case 1:
  46   3                Led1 = 0xFF;
  47   3                Led2 = 0x00;
  48   3                Led3 = 0x00;
  49   3                Led4 = 0x00;
  50   3                Led5 = 0x00;
  51   3             break;
  52   3             
  53   3             case 2:
  54   3                Led1 = 0xFF;
  55   3                Led2 = 0xFF;
C51 COMPILER V9.57.0.0   CODE                                                              02/28/2018 15:06:44 PAGE 2   

  56   3                Led3 = 0x00;
  57   3                Led4 = 0x00;
  58   3                Led5 = 0x00;
  59   3             break;
  60   3             
  61   3             case 3:
  62   3                Led1 = 0xFF;
  63   3                Led2 = 0xFF;
  64   3                Led3 = 0xFF;
  65   3                Led4 = 0x00;
  66   3                Led5 = 0x00;
  67   3             break;
  68   3             
  69   3             case 4:
  70   3                Led1 = 0xFF;
  71   3                Led2 = 0xFF;
  72   3                Led3 = 0xFF;
  73   3                Led4 = 0xFF;
  74   3                Led5 = 0x00;
  75   3             break;
  76   3             
  77   3             case 5:
  78   3                Led1 = 0xFF;
  79   3                Led2 = 0xFF;
  80   3                Led3 = 0xFF;
  81   3                Led4 = 0xFF;
  82   3                Led5 = 0xFF;
  83   3             break;
  84   3            } 
  85   2             
  86   2            if(Inc == 0 && Step <5)
  87   2            {
  88   3                 Step = Step + 1;
  89   3                 for(i=0;i<50;i++);
  90   3            }
  91   2            if(Dec == 0 && Step >0)
  92   2            {
  93   3                 Step = Step - 1;
  94   3                 for(i=0;i<50;i++);
  95   3            }
  96   2            
  97   2               
  98   2         }
  99   1      }
 100          
 101          // Circuit Initialize function
 102          void cct_init(void)
 103          {
 104   1        P0 = 0xFF;   
 105   1        P1 = 0xFF;   
 106   1        P2 = 0xFF;   
 107   1        P3 = 0xFF;  
 108   1      }
 109          
 110          // External INT0 pin interrupt init function
 111          void InitINT(void)
 112          {
 113   1        IT0 = 1;      //Edge triggered interrupt mode (Neg Edge)
 114   1        //IT1 = 1;
 115   1        EX0 = 1;    //Enable external interrupt INT0
 116   1        //EX1 = 1;
 117   1        EA  = 1;      //Enable global interrupts
C51 COMPILER V9.57.0.0   CODE                                                              02/28/2018 15:06:44 PAGE 3   

 118   1      }
 119          
 120          
 121          // INT0 ISR
 122          void Zero_Cross_Intr(void) interrupt 0    
 123          {
 124   1        TR0 = 0;
 125   1        
 126   1        TH0  = 0xFF - ((Step*1900)>>8)&0xFF;  // Load timer0 registers with 
 127   1        TL0  = 0xFF - (Step*1900)&0xFF;   // delay value    
 128   1      
 129   1        TR0 = 1;         // Start Timer 0
 130   1        Out = 0xFF;
 131   1        while(!TF0);  // Wait for timeup
 132   1        TF0 =0;
 133   1        
 134   1                 // Done
 135   1        Out = 0x00;
 136   1      }


MODULE INFORMATION:   STATIC OVERLAYABLE
   CODE SIZE        =    300    ----
   CONSTANT SIZE    =   ----    ----
   XDATA SIZE       =   ----    ----
   PDATA SIZE       =   ----    ----
   DATA SIZE        =      2       2
   IDATA SIZE       =   ----    ----
   BIT SIZE         =   ----    ----
END OF MODULE INFORMATION.


C51 COMPILATION COMPLETE.  0 WARNING(S),  0 ERROR(S)
